mymodlue/build/intermediates/manifest_merge_blame_file/debug/manifest-merger-blame-debug-report.txt
1<?xml version="1.0" encoding="utf-8"?>
2<manifest xmlns:android="http://schemas.android.com/apk/res/android"
3    package="com.wd.mymodlue"
4    android:versionCode="1"
5    android:versionName="1.0" >
6
7    <uses-sdk
8        android:minSdkVersion="26"
8-->src\main\AndroidManifest.xml
9        android:targetSdkVersion="27" />
9-->src\main\AndroidManifest.xml
10
11    <uses-permission android:name="android.permission.WRITE_SETTINGS" />
11-->[:mvplibrary] AndroidManifest.xml:12:5-14:47
11-->[:mvplibrary] AndroidManifest.xml:13:9-57
12    <uses-permission android:name="android.permission.CAMERA" />
12-->[:mvplibrary] AndroidManifest.xml:15:5-65
12-->[:mvplibrary] AndroidManifest.xml:15:22-62
13    <uses-permission android:name="android.permission.ACCESS_COARSE_LOCATION" /> <!-- 用于访问GPS定位 -->
13-->[:mvplibrary] AndroidManifest.xml:16:5-81
13-->[:mvplibrary] AndroidManifest.xml:16:22-78
14    <uses-permission android:name="android.permission.ACCESS_FINE_LOCATION" /> <!-- 获取运营商信息，用于支持提供运营商信息相关的接口 -->
14-->[:mvplibrary] AndroidManifest.xml:17:5-79
14-->[:mvplibrary] AndroidManifest.xml:17:22-76
15    <uses-permission android:name="android.permission.ACCESS_NETWORK_STATE" /> <!-- 用于访问wifi网络信息，wifi信息会用于进行网络定位 -->
15-->[:mvplibrary] AndroidManifest.xml:18:5-79
15-->[:mvplibrary] AndroidManifest.xml:18:22-76
16    <uses-permission android:name="android.permission.ACCESS_WIFI_STATE" /> <!-- 这个权限用于获取wifi的获取权限，wifi信息会用来进行网络定位 -->
16-->[:mvplibrary] AndroidManifest.xml:19:5-76
16-->[:mvplibrary] AndroidManifest.xml:19:22-73
17    <uses-permission android:name="android.permission.CHANGE_WIFI_STATE" /> <!-- 用于访问网络，网络定位需要上网 -->
17-->[:mvplibrary] AndroidManifest.xml:20:5-76
17-->[:mvplibrary] AndroidManifest.xml:20:22-73
18    <uses-permission android:name="android.permission.INTERNET" /> <!-- 用于读取手机当前的状态 -->
18-->[:mvplibrary] AndroidManifest.xml:21:5-67
18-->[:mvplibrary] AndroidManifest.xml:21:22-64
19    <uses-permission android:name="android.permission.READ_PHONE_STATE" /> <!-- 写入扩展存储，向扩展卡写入数据，用于写入缓存定位数据 -->
19-->[:mvplibrary] AndroidManifest.xml:22:5-75
19-->[:mvplibrary] AndroidManifest.xml:22:22-72
20    <uses-permission android:name="android.permission.WRITE_EXTERNAL_STORAGE" /> <!-- 用于申请调用A-GPS模块 -->
20-->[:mvplibrary] AndroidManifest.xml:23:5-81
20-->[:mvplibrary] AndroidManifest.xml:23:22-78
21    <uses-permission android:name="android.permission.ACCESS_LOCATION_EXTRA_COMMANDS" /> <!-- 用于申请获取蓝牙信息进行室内定位 -->
21-->[:mvplibrary] AndroidManifest.xml:24:5-89
21-->[:mvplibrary] AndroidManifest.xml:24:22-86
22    <uses-permission android:name="android.permission.BLUETOOTH" />
22-->[:mvplibrary] AndroidManifest.xml:25:5-68
22-->[:mvplibrary] AndroidManifest.xml:25:22-65
23    <uses-permission android:name="android.permission.BLUETOOTH_ADMIN" />
23-->[:mvplibrary] AndroidManifest.xml:26:5-74
23-->[:mvplibrary] AndroidManifest.xml:26:22-71
24    <uses-permission android:name="android.permission.ACCESS_NETWORK_STATE" />
24-->[:mvplibrary] AndroidManifest.xml:18:5-79
24-->[:mvplibrary] AndroidManifest.xml:18:22-76
25    <uses-permission android:name="android.permission.ACCESS_NETWORK_STATE" />
25-->[:mvplibrary] AndroidManifest.xml:18:5-79
25-->[:mvplibrary] AndroidManifest.xml:18:22-76
26    <uses-permission android:name="android.permission.VIBRATE" />
26-->[:mvplibrary] AndroidManifest.xml:29:5-66
26-->[:mvplibrary] AndroidManifest.xml:29:22-63
27    <uses-permission android:name="android.permission.ACCEPT_HANDOVER" />
27-->[:mvplibrary] AndroidManifest.xml:30:5-74
27-->[:mvplibrary] AndroidManifest.xml:30:22-71
28    <uses-permission android:name="android.permission.INTERNET" />
28-->[:mvplibrary] AndroidManifest.xml:21:5-67
28-->[:mvplibrary] AndroidManifest.xml:21:22-64
29    <uses-permission android:name="android.permission.READ_EXTERNAL_STORAGE" />
29-->[:mvplibrary] AndroidManifest.xml:32:5-80
29-->[:mvplibrary] AndroidManifest.xml:32:22-77
30    <uses-permission android:name="android.permission.WRITE_EXTERNAL_STORAGE" />
30-->[:mvplibrary] AndroidManifest.xml:23:5-81
30-->[:mvplibrary] AndroidManifest.xml:23:22-78
31    <uses-permission android:name="android.permission.ACCESS_WIFI_STATE" />
31-->[:mvplibrary] AndroidManifest.xml:19:5-76
31-->[:mvplibrary] AndroidManifest.xml:19:22-73
32    <uses-permission android:name="android.permission.READ_PHONE_STATE" />
32-->[:mvplibrary] AndroidManifest.xml:22:5-75
32-->[:mvplibrary] AndroidManifest.xml:22:22-72
33    <uses-permission android:name="android.permission.PERMISSIONS_STORAGE" />
33-->[:mvplibrary] AndroidManifest.xml:36:5-78
33-->[:mvplibrary] AndroidManifest.xml:36:22-75
34    <uses-permission android:name="android.permission.ACCESS_NETWORK_STATE" />
34-->[:mvplibrary] AndroidManifest.xml:18:5-79
34-->[:mvplibrary] AndroidManifest.xml:18:22-76
35
36    <application
36-->src\main\AndroidManifest.xml:5:5-119:19
37        android:name="com.bwie.mvplibrary.app.App"
37-->src\main\AndroidManifest.xml:6:9-51
38        android:allowBackup="true"
38-->src\main\AndroidManifest.xml:7:9-35
39        android:appComponentFactory="androidx.core.app.CoreComponentFactory"
39-->[androidx.core:core:1.1.0] AndroidManifest.xml:24:18-86
40        android:debuggable="true"
41        android:icon="@mipmap/ic_launcher"
41-->src\main\AndroidManifest.xml:8:9-43
42        android:label="@string/app_name"
42-->src\main\AndroidManifest.xml:9:9-41
43        android:roundIcon="@mipmap/ic_launcher_round"
43-->src\main\AndroidManifest.xml:10:9-54
44        android:supportsRtl="true"
44-->src\main\AndroidManifest.xml:11:9-35
45        android:testOnly="true"
46        android:theme="@style/AppTheme" >
46-->src\main\AndroidManifest.xml:12:9-40
47        <activity android:name="com.wd.mymodlue.view.activity.InquiryActivity" />
47-->src\main\AndroidManifest.xml:13:9-76
47-->src\main\AndroidManifest.xml:13:19-64
48        <activity android:name="com.wd.mymodlue.view.activity.FeatureActivity" >
48-->src\main\AndroidManifest.xml:14:9-20:20
48-->src\main\AndroidManifest.xml:14:19-64
49            <intent-filter>
49-->src\main\AndroidManifest.xml:15:13-19:29
50                <action android:name="com.hl.FeatureActivity" />
50-->src\main\AndroidManifest.xml:16:17-65
50-->src\main\AndroidManifest.xml:16:25-62
51
52                <category android:name="android.intent.category.DEFAULT" />
52-->src\main\AndroidManifest.xml:18:17-76
52-->src\main\AndroidManifest.xml:18:27-73
53            </intent-filter>
54        </activity>
55        <activity android:name="com.wd.mymodlue.view.activity.GenderActivity" >
55-->src\main\AndroidManifest.xml:21:9-27:20
55-->src\main\AndroidManifest.xml:21:19-63
56            <intent-filter>
56-->src\main\AndroidManifest.xml:22:13-26:29
57                <action android:name="com.hl.GenderActivity" />
57-->src\main\AndroidManifest.xml:23:17-64
57-->src\main\AndroidManifest.xml:23:25-61
58
59                <category android:name="android.intent.category.DEFAULT" />
59-->src\main\AndroidManifest.xml:18:17-76
59-->src\main\AndroidManifest.xml:18:27-73
60            </intent-filter>
61        </activity>
62        <activity android:name="com.wd.mymodlue.view.activity.NicknameActivity" >
62-->src\main\AndroidManifest.xml:28:9-34:20
62-->src\main\AndroidManifest.xml:28:19-65
63            <intent-filter>
63-->src\main\AndroidManifest.xml:29:13-33:29
64                <action android:name="com.hl.NicknameActivity" />
64-->src\main\AndroidManifest.xml:30:17-66
64-->src\main\AndroidManifest.xml:30:25-63
65
66                <category android:name="android.intent.category.DEFAULT" />
66-->src\main\AndroidManifest.xml:18:17-76
66-->src\main\AndroidManifest.xml:18:27-73
67            </intent-filter>
68        </activity>
69        <activity android:name="com.wd.mymodlue.view.activity.PwdActivity" >
69-->src\main\AndroidManifest.xml:35:9-41:20
69-->src\main\AndroidManifest.xml:35:19-60
70            <intent-filter>
70-->src\main\AndroidManifest.xml:36:13-40:29
71                <action android:name="com.hl.PwdActivity" />
71-->src\main\AndroidManifest.xml:37:17-61
71-->src\main\AndroidManifest.xml:37:25-58
72
73                <category android:name="android.intent.category.DEFAULT" />
73-->src\main\AndroidManifest.xml:18:17-76
73-->src\main\AndroidManifest.xml:18:27-73
74            </intent-filter>
75        </activity>
76        <activity android:name="com.wd.mymodlue.view.activity.MessageActivity" >
76-->src\main\AndroidManifest.xml:42:9-48:20
76-->src\main\AndroidManifest.xml:42:19-64
77            <intent-filter>
77-->src\main\AndroidManifest.xml:43:13-47:29
78                <action android:name="com.hl.MessageActivity" />
78-->src\main\AndroidManifest.xml:44:17-65
78-->src\main\AndroidManifest.xml:44:25-62
79
80                <category android:name="android.intent.category.DEFAULT" />
80-->src\main\AndroidManifest.xml:18:17-76
80-->src\main\AndroidManifest.xml:18:27-73
81            </intent-filter>
82        </activity>
83        <activity android:name="com.wd.mymodlue.view.activity.BrightnessActivity" >
83-->src\main\AndroidManifest.xml:49:9-55:20
83-->src\main\AndroidManifest.xml:49:19-67
84            <intent-filter>
84-->src\main\AndroidManifest.xml:50:13-54:29
85                <action android:name="com.hl.BrightnessActivity" />
85-->src\main\AndroidManifest.xml:51:17-68
85-->src\main\AndroidManifest.xml:51:25-65
86
87                <category android:name="android.intent.category.DEFAULT" />
87-->src\main\AndroidManifest.xml:18:17-76
87-->src\main\AndroidManifest.xml:18:27-73
88            </intent-filter>
89        </activity>
90        <activity android:name="com.wd.mymodlue.view.activity.INviteActivity" >
90-->src\main\AndroidManifest.xml:56:9-62:20
90-->src\main\AndroidManifest.xml:56:19-63
91            <intent-filter>
91-->src\main\AndroidManifest.xml:57:13-61:29
92                <action android:name="com.hl.INviteActivity" />
92-->src\main\AndroidManifest.xml:58:17-64
92-->src\main\AndroidManifest.xml:58:25-61
93
94                <category android:name="android.intent.category.DEFAULT" />
94-->src\main\AndroidManifest.xml:18:17-76
94-->src\main\AndroidManifest.xml:18:27-73
95            </intent-filter>
96        </activity>
97        <activity android:name="com.wd.mymodlue.view.activity.SettingActivity" >
97-->src\main\AndroidManifest.xml:63:9-69:20
97-->src\main\AndroidManifest.xml:63:19-64
98            <intent-filter>
98-->src\main\AndroidManifest.xml:64:13-68:29
99                <action android:name="com.hl.SettingActivity" />
99-->src\main\AndroidManifest.xml:65:17-65
99-->src\main\AndroidManifest.xml:65:25-62
100
101                <category android:name="android.intent.category.DEFAULT" />
101-->src\main\AndroidManifest.xml:18:17-76
101-->src\main\AndroidManifest.xml:18:27-73
102            </intent-filter>
103        </activity>
104        <activity android:name="com.wd.mymodlue.view.activity.SuggestActivity" >
104-->src\main\AndroidManifest.xml:70:9-76:20
104-->src\main\AndroidManifest.xml:70:19-64
105            <intent-filter>
105-->src\main\AndroidManifest.xml:71:13-75:29
106                <action android:name="com.hl.SuggestActivity" />
106-->src\main\AndroidManifest.xml:72:17-65
106-->src\main\AndroidManifest.xml:72:25-62
107
108                <category android:name="android.intent.category.DEFAULT" />
108-->src\main\AndroidManifest.xml:18:17-76
108-->src\main\AndroidManifest.xml:18:27-73
109            </intent-filter>
110        </activity>
111        <activity android:name="com.wd.mymodlue.view.activity.WalletActivity" >
111-->src\main\AndroidManifest.xml:77:9-83:20
111-->src\main\AndroidManifest.xml:77:19-63
112            <intent-filter>
112-->src\main\AndroidManifest.xml:78:13-82:29
113                <action android:name="com.hl.WalletActivity" />
113-->src\main\AndroidManifest.xml:79:17-64
113-->src\main\AndroidManifest.xml:79:25-61
114
115                <category android:name="android.intent.category.DEFAULT" />
115-->src\main\AndroidManifest.xml:18:17-76
115-->src\main\AndroidManifest.xml:18:27-73
116            </intent-filter>
117        </activity>
118        <activity android:name="com.wd.mymodlue.view.activity.TaskActivity" >
118-->src\main\AndroidManifest.xml:84:9-90:20
118-->src\main\AndroidManifest.xml:84:19-61
119            <intent-filter>
119-->src\main\AndroidManifest.xml:85:13-89:29
120                <action android:name="com.hl.TaskActivity" />
120-->src\main\AndroidManifest.xml:86:17-62
120-->src\main\AndroidManifest.xml:86:25-59
121
122                <category android:name="android.intent.category.DEFAULT" />
122-->src\main\AndroidManifest.xml:18:17-76
122-->src\main\AndroidManifest.xml:18:27-73
123            </intent-filter>
124        </activity>
125        <activity android:name="com.wd.mymodlue.view.activity.VideoActivity" >
125-->src\main\AndroidManifest.xml:91:9-97:20
125-->src\main\AndroidManifest.xml:91:19-62
126            <intent-filter>
126-->src\main\AndroidManifest.xml:92:13-96:29
127                <action android:name="com.hl.VideoActivity" />
127-->src\main\AndroidManifest.xml:93:17-63
127-->src\main\AndroidManifest.xml:93:25-60
128
129                <category android:name="android.intent.category.DEFAULT" />
129-->src\main\AndroidManifest.xml:18:17-76
129-->src\main\AndroidManifest.xml:18:27-73
130            </intent-filter>
131        </activity>
132        <activity android:name="com.wd.mymodlue.view.activity.AttentionActivity" >
132-->src\main\AndroidManifest.xml:98:9-104:20
132-->src\main\AndroidManifest.xml:98:19-66
133            <intent-filter>
133-->src\main\AndroidManifest.xml:99:13-103:29
134                <action android:name="com.hl.AttentionActivity" />
134-->src\main\AndroidManifest.xml:100:17-67
134-->src\main\AndroidManifest.xml:100:25-64
135
136                <category android:name="android.intent.category.DEFAULT" />
136-->src\main\AndroidManifest.xml:18:17-76
136-->src\main\AndroidManifest.xml:18:27-73
137            </intent-filter>
138        </activity>
139        <activity android:name="com.wd.mymodlue.view.activity.RecordActivity" >
139-->src\main\AndroidManifest.xml:105:9-111:20
139-->src\main\AndroidManifest.xml:105:19-63
140            <intent-filter>
140-->src\main\AndroidManifest.xml:106:13-110:29
141                <action android:name="com.hl.RecordActivity" />
141-->src\main\AndroidManifest.xml:107:17-64
141-->src\main\AndroidManifest.xml:107:25-61
142
143                <category android:name="android.intent.category.DEFAULT" />
143-->src\main\AndroidManifest.xml:18:17-76
143-->src\main\AndroidManifest.xml:18:27-73
144            </intent-filter>
145        </activity>
146        <activity android:name="com.wd.mymodlue.view.activity.MainActivity" >
146-->src\main\AndroidManifest.xml:112:9-118:20
146-->src\main\AndroidManifest.xml:112:19-61
147            <intent-filter>
147-->src\main\AndroidManifest.xml:113:13-117:29
148                <action android:name="android.intent.action.MAIN" />
148-->src\main\AndroidManifest.xml:114:17-69
148-->src\main\AndroidManifest.xml:114:25-66
149
150                <category android:name="android.intent.category.LAUNCHER" />
150-->src\main\AndroidManifest.xml:116:17-77
150-->src\main\AndroidManifest.xml:116:27-74
151            </intent-filter>
152        </activity>
153        <activity
153-->[cn.yipianfengye.android:zxing-library:2.2] AndroidManifest.xml:12:9-17:63
154            android:name="com.uuzuche.lib_zxing.activity.CaptureActivity"
154-->[cn.yipianfengye.android:zxing-library:2.2] AndroidManifest.xml:13:13-74
155            android:configChanges="orientation|keyboardHidden"
155-->[cn.yipianfengye.android:zxing-library:2.2] AndroidManifest.xml:14:13-63
156            android:screenOrientation="portrait"
156-->[cn.yipianfengye.android:zxing-library:2.2] AndroidManifest.xml:15:13-49
157            android:theme="@style/Theme.AppCompat.NoActionBar"
157-->[cn.yipianfengye.android:zxing-library:2.2] AndroidManifest.xml:16:13-63
158            android:windowSoftInputMode="stateAlwaysHidden" />
158-->[cn.yipianfengye.android:zxing-library:2.2] AndroidManifest.xml:17:13-60
159
160        <provider
160-->[androidx.lifecycle:lifecycle-process:2.0.0] AndroidManifest.xml:23:9-27:43
161            android:name="androidx.lifecycle.ProcessLifecycleOwnerInitializer"
161-->[androidx.lifecycle:lifecycle-process:2.0.0] AndroidManifest.xml:24:13-79
162            android:authorities="com.wd.mymodlue.lifecycle-process"
162-->[androidx.lifecycle:lifecycle-process:2.0.0] AndroidManifest.xml:25:13-69
163            android:exported="false"
163-->[androidx.lifecycle:lifecycle-process:2.0.0] AndroidManifest.xml:26:13-37
164            android:multiprocess="true" />
164-->[androidx.lifecycle:lifecycle-process:2.0.0] AndroidManifest.xml:27:13-40
165    </application>
166
167</manifest>